<?xml version="1.0" encoding="UTF-8"?>
<testng-results ignored="0" total="21" passed="21" failed="0" skipped="0">
  <reporter-output>
  </reporter-output>
  <suite started-at="2025-02-09T02:45:58 IST" name="All Test Suite" finished-at="2025-02-09T02:46:55 IST" duration-ms="57250">
    <groups>
    </groups>
    <test started-at="2025-02-09T02:45:58 IST" name="C:/qa/OOPConcepts/src/test/java/Checkout/CheckoutOverviewTest.java" finished-at="2025-02-09T02:46:11 IST" duration-ms="13415">
      <class name="Checkout.CheckoutOverviewTest">
        <test-method is-config="true" signature="setUp()[pri:0, instance:Checkout.CheckoutOverviewTest@59662a0b]" started-at="2025-02-09T02:45:58 IST" name="setUp" finished-at="2025-02-09T02:46:00 IST" duration-ms="2304" status="PASS">
          <reporter-output>
          </reporter-output>
        </test-method> <!-- setUp -->
        <test-method is-config="true" signature="navigateToInventoryPage()[pri:0, instance:Checkout.CheckoutOverviewTest@59662a0b]" started-at="2025-02-09T02:46:00 IST" name="navigateToInventoryPage" finished-at="2025-02-09T02:46:02 IST" duration-ms="1805" status="PASS">
          <reporter-output>
          </reporter-output>
        </test-method> <!-- navigateToInventoryPage -->
        <test-method signature="checkTotal()[pri:1, instance:Checkout.CheckoutOverviewTest@59662a0b]" started-at="2025-02-09T02:46:02 IST" name="checkTotal" finished-at="2025-02-09T02:46:02 IST" duration-ms="98" status="PASS">
          <reporter-output>
          </reporter-output>
        </test-method> <!-- checkTotal -->
        <test-method is-config="true" signature="closePage()[pri:0, instance:Checkout.CheckoutOverviewTest@59662a0b]" started-at="2025-02-09T02:46:02 IST" name="closePage" finished-at="2025-02-09T02:46:02 IST" duration-ms="185" status="PASS">
          <reporter-output>
          </reporter-output>
        </test-method> <!-- closePage -->
        <test-method is-config="true" signature="tearDown()[pri:0, instance:Checkout.CheckoutOverviewTest@59662a0b]" started-at="2025-02-09T02:46:02 IST" name="tearDown" finished-at="2025-02-09T02:46:02 IST" duration-ms="0" status="PASS">
          <reporter-output>
          </reporter-output>
        </test-method> <!-- tearDown -->
        <test-method is-config="true" signature="setUp()[pri:0, instance:Checkout.CheckoutOverviewTest@59662a0b]" started-at="2025-02-09T02:46:02 IST" name="setUp" finished-at="2025-02-09T02:46:03 IST" duration-ms="1093" status="PASS">
          <reporter-output>
          </reporter-output>
        </test-method> <!-- setUp -->
        <test-method is-config="true" signature="navigateToInventoryPage()[pri:0, instance:Checkout.CheckoutOverviewTest@59662a0b]" started-at="2025-02-09T02:46:03 IST" name="navigateToInventoryPage" finished-at="2025-02-09T02:46:05 IST" duration-ms="1638" status="PASS">
          <reporter-output>
          </reporter-output>
        </test-method> <!-- navigateToInventoryPage -->
        <test-method signature="finishButtonNavigateToCompletePage()[pri:2, instance:Checkout.CheckoutOverviewTest@59662a0b]" started-at="2025-02-09T02:46:05 IST" name="finishButtonNavigateToCompletePage" finished-at="2025-02-09T02:46:05 IST" duration-ms="80" status="PASS">
          <reporter-output>
          </reporter-output>
        </test-method> <!-- finishButtonNavigateToCompletePage -->
        <test-method is-config="true" signature="closePage()[pri:0, instance:Checkout.CheckoutOverviewTest@59662a0b]" started-at="2025-02-09T02:46:05 IST" name="closePage" finished-at="2025-02-09T02:46:05 IST" duration-ms="138" status="PASS">
          <reporter-output>
          </reporter-output>
        </test-method> <!-- closePage -->
        <test-method is-config="true" signature="setUp()[pri:0, instance:Checkout.CheckoutOverviewTest@59662a0b]" started-at="2025-02-09T02:46:05 IST" name="setUp" finished-at="2025-02-09T02:46:06 IST" duration-ms="1049" status="PASS">
          <reporter-output>
          </reporter-output>
        </test-method> <!-- setUp -->
        <test-method is-config="true" signature="tearDown()[pri:0, instance:Checkout.CheckoutOverviewTest@59662a0b]" started-at="2025-02-09T02:46:05 IST" name="tearDown" finished-at="2025-02-09T02:46:05 IST" duration-ms="0" status="PASS">
          <reporter-output>
          </reporter-output>
        </test-method> <!-- tearDown -->
        <test-method is-config="true" signature="navigateToInventoryPage()[pri:0, instance:Checkout.CheckoutOverviewTest@59662a0b]" started-at="2025-02-09T02:46:06 IST" name="navigateToInventoryPage" finished-at="2025-02-09T02:46:08 IST" duration-ms="1592" status="PASS">
          <reporter-output>
          </reporter-output>
        </test-method> <!-- navigateToInventoryPage -->
        <test-method signature="cancelButtonNavigateToInventoryPage()[pri:3, instance:Checkout.CheckoutOverviewTest@59662a0b]" started-at="2025-02-09T02:46:08 IST" name="cancelButtonNavigateToInventoryPage" finished-at="2025-02-09T02:46:08 IST" duration-ms="107" status="PASS">
          <reporter-output>
          </reporter-output>
        </test-method> <!-- cancelButtonNavigateToInventoryPage -->
        <test-method is-config="true" signature="closePage()[pri:0, instance:Checkout.CheckoutOverviewTest@59662a0b]" started-at="2025-02-09T02:46:08 IST" name="closePage" finished-at="2025-02-09T02:46:08 IST" duration-ms="183" status="PASS">
          <reporter-output>
          </reporter-output>
        </test-method> <!-- closePage -->
        <test-method is-config="true" signature="tearDown()[pri:0, instance:Checkout.CheckoutOverviewTest@59662a0b]" started-at="2025-02-09T02:46:08 IST" name="tearDown" finished-at="2025-02-09T02:46:08 IST" duration-ms="0" status="PASS">
          <reporter-output>
          </reporter-output>
        </test-method> <!-- tearDown -->
        <test-method is-config="true" signature="setUp()[pri:0, instance:Checkout.CheckoutOverviewTest@59662a0b]" started-at="2025-02-09T02:46:08 IST" name="setUp" finished-at="2025-02-09T02:46:09 IST" duration-ms="1043" status="PASS">
          <reporter-output>
          </reporter-output>
        </test-method> <!-- setUp -->
        <test-method is-config="true" signature="navigateToInventoryPage()[pri:0, instance:Checkout.CheckoutOverviewTest@59662a0b]" started-at="2025-02-09T02:46:09 IST" name="navigateToInventoryPage" finished-at="2025-02-09T02:46:11 IST" duration-ms="1731" status="PASS">
          <reporter-output>
          </reporter-output>
        </test-method> <!-- navigateToInventoryPage -->
        <test-method signature="cancelNotRemoveCartItem()[pri:4, instance:Checkout.CheckoutOverviewTest@59662a0b]" started-at="2025-02-09T02:46:11 IST" name="cancelNotRemoveCartItem" finished-at="2025-02-09T02:46:11 IST" duration-ms="193" status="PASS">
          <reporter-output>
          </reporter-output>
        </test-method> <!-- cancelNotRemoveCartItem -->
        <test-method is-config="true" signature="closePage()[pri:0, instance:Checkout.CheckoutOverviewTest@59662a0b]" started-at="2025-02-09T02:46:11 IST" name="closePage" finished-at="2025-02-09T02:46:11 IST" duration-ms="128" status="PASS">
          <reporter-output>
          </reporter-output>
        </test-method> <!-- closePage -->
        <test-method is-config="true" signature="tearDown()[pri:0, instance:Checkout.CheckoutOverviewTest@59662a0b]" started-at="2025-02-09T02:46:11 IST" name="tearDown" finished-at="2025-02-09T02:46:11 IST" duration-ms="0" status="PASS">
          <reporter-output>
          </reporter-output>
        </test-method> <!-- tearDown -->
      </class> <!-- Checkout.CheckoutOverviewTest -->
    </test> <!-- C:/qa/OOPConcepts/src/test/java/Checkout/CheckoutOverviewTest.java -->
    <test started-at="2025-02-09T02:46:11 IST" name="C:/qa/OOPConcepts/src/test/java/Inventory/CartTest.java" finished-at="2025-02-09T02:46:30 IST" duration-ms="18975">
      <class name="Inventory.CartTest">
        <test-method is-config="true" signature="setUp()[pri:0, instance:Inventory.CartTest@bccb269]" started-at="2025-02-09T02:46:11 IST" name="setUp" finished-at="2025-02-09T02:46:12 IST" duration-ms="1113" status="PASS">
          <reporter-output>
          </reporter-output>
        </test-method> <!-- setUp -->
        <test-method is-config="true" signature="navigateToInventoryPage()[pri:0, instance:Inventory.CartTest@bccb269]" started-at="2025-02-09T02:46:12 IST" name="navigateToInventoryPage" finished-at="2025-02-09T02:46:14 IST" duration-ms="1262" status="PASS">
          <reporter-output>
          </reporter-output>
        </test-method> <!-- navigateToInventoryPage -->
        <test-method signature="isContinueButtonNavogateToInventoryPage()[pri:1, instance:Inventory.CartTest@bccb269]" started-at="2025-02-09T02:46:14 IST" name="isContinueButtonNavogateToInventoryPage" finished-at="2025-02-09T02:46:14 IST" duration-ms="99" status="PASS">
          <reporter-output>
          </reporter-output>
        </test-method> <!-- isContinueButtonNavogateToInventoryPage -->
        <test-method is-config="true" signature="closePage()[pri:0, instance:Inventory.CartTest@bccb269]" started-at="2025-02-09T02:46:14 IST" name="closePage" finished-at="2025-02-09T02:46:14 IST" duration-ms="143" status="PASS">
          <reporter-output>
          </reporter-output>
        </test-method> <!-- closePage -->
        <test-method is-config="true" signature="tearDown()[pri:0, instance:Inventory.CartTest@bccb269]" started-at="2025-02-09T02:46:14 IST" name="tearDown" finished-at="2025-02-09T02:46:14 IST" duration-ms="0" status="PASS">
          <reporter-output>
          </reporter-output>
        </test-method> <!-- tearDown -->
        <test-method is-config="true" signature="setUp()[pri:0, instance:Inventory.CartTest@bccb269]" started-at="2025-02-09T02:46:14 IST" name="setUp" finished-at="2025-02-09T02:46:15 IST" duration-ms="1034" status="PASS">
          <reporter-output>
          </reporter-output>
        </test-method> <!-- setUp -->
        <test-method is-config="true" signature="navigateToInventoryPage()[pri:0, instance:Inventory.CartTest@bccb269]" started-at="2025-02-09T02:46:15 IST" name="navigateToInventoryPage" finished-at="2025-02-09T02:46:16 IST" duration-ms="1273" status="PASS">
          <reporter-output>
          </reporter-output>
        </test-method> <!-- navigateToInventoryPage -->
        <test-method signature="isCheckoutNavigateToPersonalDetailPage()[pri:2, instance:Inventory.CartTest@bccb269]" started-at="2025-02-09T02:46:16 IST" name="isCheckoutNavigateToPersonalDetailPage" finished-at="2025-02-09T02:46:16 IST" duration-ms="91" status="PASS">
          <reporter-output>
          </reporter-output>
        </test-method> <!-- isCheckoutNavigateToPersonalDetailPage -->
        <test-method is-config="true" signature="closePage()[pri:0, instance:Inventory.CartTest@bccb269]" started-at="2025-02-09T02:46:16 IST" name="closePage" finished-at="2025-02-09T02:46:16 IST" duration-ms="143" status="PASS">
          <reporter-output>
          </reporter-output>
        </test-method> <!-- closePage -->
        <test-method is-config="true" signature="tearDown()[pri:0, instance:Inventory.CartTest@bccb269]" started-at="2025-02-09T02:46:16 IST" name="tearDown" finished-at="2025-02-09T02:46:16 IST" duration-ms="0" status="PASS">
          <reporter-output>
          </reporter-output>
        </test-method> <!-- tearDown -->
        <test-method is-config="true" signature="setUp()[pri:0, instance:Inventory.CartTest@bccb269]" started-at="2025-02-09T02:46:16 IST" name="setUp" finished-at="2025-02-09T02:46:17 IST" duration-ms="1035" status="PASS">
          <reporter-output>
          </reporter-output>
        </test-method> <!-- setUp -->
        <test-method is-config="true" signature="navigateToInventoryPage()[pri:0, instance:Inventory.CartTest@bccb269]" started-at="2025-02-09T02:46:17 IST" name="navigateToInventoryPage" finished-at="2025-02-09T02:46:19 IST" duration-ms="1148" status="PASS">
          <reporter-output>
          </reporter-output>
        </test-method> <!-- navigateToInventoryPage -->
        <test-method signature="continueWithMissingFistName()[pri:3, instance:Inventory.CartTest@bccb269]" started-at="2025-02-09T02:46:19 IST" name="continueWithMissingFistName" finished-at="2025-02-09T02:46:19 IST" duration-ms="407" status="PASS">
          <reporter-output>
          </reporter-output>
        </test-method> <!-- continueWithMissingFistName -->
        <test-method is-config="true" signature="closePage()[pri:0, instance:Inventory.CartTest@bccb269]" started-at="2025-02-09T02:46:19 IST" name="closePage" finished-at="2025-02-09T02:46:19 IST" duration-ms="159" status="PASS">
          <reporter-output>
          </reporter-output>
        </test-method> <!-- closePage -->
        <test-method is-config="true" signature="tearDown()[pri:0, instance:Inventory.CartTest@bccb269]" started-at="2025-02-09T02:46:19 IST" name="tearDown" finished-at="2025-02-09T02:46:19 IST" duration-ms="1" status="PASS">
          <reporter-output>
          </reporter-output>
        </test-method> <!-- tearDown -->
        <test-method is-config="true" signature="setUp()[pri:0, instance:Inventory.CartTest@bccb269]" started-at="2025-02-09T02:46:19 IST" name="setUp" finished-at="2025-02-09T02:46:20 IST" duration-ms="1074" status="PASS">
          <reporter-output>
          </reporter-output>
        </test-method> <!-- setUp -->
        <test-method is-config="true" signature="navigateToInventoryPage()[pri:0, instance:Inventory.CartTest@bccb269]" started-at="2025-02-09T02:46:20 IST" name="navigateToInventoryPage" finished-at="2025-02-09T02:46:21 IST" duration-ms="1180" status="PASS">
          <reporter-output>
          </reporter-output>
        </test-method> <!-- navigateToInventoryPage -->
        <test-method signature="continueWithMissingLastName()[pri:4, instance:Inventory.CartTest@bccb269]" started-at="2025-02-09T02:46:21 IST" name="continueWithMissingLastName" finished-at="2025-02-09T02:46:22 IST" duration-ms="363" status="PASS">
          <reporter-output>
          </reporter-output>
        </test-method> <!-- continueWithMissingLastName -->
        <test-method is-config="true" signature="closePage()[pri:0, instance:Inventory.CartTest@bccb269]" started-at="2025-02-09T02:46:22 IST" name="closePage" finished-at="2025-02-09T02:46:22 IST" duration-ms="165" status="PASS">
          <reporter-output>
          </reporter-output>
        </test-method> <!-- closePage -->
        <test-method is-config="true" signature="tearDown()[pri:0, instance:Inventory.CartTest@bccb269]" started-at="2025-02-09T02:46:22 IST" name="tearDown" finished-at="2025-02-09T02:46:22 IST" duration-ms="2" status="PASS">
          <reporter-output>
          </reporter-output>
        </test-method> <!-- tearDown -->
        <test-method is-config="true" signature="setUp()[pri:0, instance:Inventory.CartTest@bccb269]" started-at="2025-02-09T02:46:22 IST" name="setUp" finished-at="2025-02-09T02:46:23 IST" duration-ms="1046" status="PASS">
          <reporter-output>
          </reporter-output>
        </test-method> <!-- setUp -->
        <test-method is-config="true" signature="navigateToInventoryPage()[pri:0, instance:Inventory.CartTest@bccb269]" started-at="2025-02-09T02:46:23 IST" name="navigateToInventoryPage" finished-at="2025-02-09T02:46:24 IST" duration-ms="1286" status="PASS">
          <reporter-output>
          </reporter-output>
        </test-method> <!-- navigateToInventoryPage -->
        <test-method signature="continueWithMissingZipCode()[pri:5, instance:Inventory.CartTest@bccb269]" started-at="2025-02-09T02:46:24 IST" name="continueWithMissingZipCode" finished-at="2025-02-09T02:46:25 IST" duration-ms="385" status="PASS">
          <reporter-output>
          </reporter-output>
        </test-method> <!-- continueWithMissingZipCode -->
        <test-method is-config="true" signature="closePage()[pri:0, instance:Inventory.CartTest@bccb269]" started-at="2025-02-09T02:46:25 IST" name="closePage" finished-at="2025-02-09T02:46:25 IST" duration-ms="183" status="PASS">
          <reporter-output>
          </reporter-output>
        </test-method> <!-- closePage -->
        <test-method is-config="true" signature="tearDown()[pri:0, instance:Inventory.CartTest@bccb269]" started-at="2025-02-09T02:46:25 IST" name="tearDown" finished-at="2025-02-09T02:46:25 IST" duration-ms="2" status="PASS">
          <reporter-output>
          </reporter-output>
        </test-method> <!-- tearDown -->
        <test-method is-config="true" signature="setUp()[pri:0, instance:Inventory.CartTest@bccb269]" started-at="2025-02-09T02:46:25 IST" name="setUp" finished-at="2025-02-09T02:46:26 IST" duration-ms="1045" status="PASS">
          <reporter-output>
          </reporter-output>
        </test-method> <!-- setUp -->
        <test-method is-config="true" signature="navigateToInventoryPage()[pri:0, instance:Inventory.CartTest@bccb269]" started-at="2025-02-09T02:46:26 IST" name="navigateToInventoryPage" finished-at="2025-02-09T02:46:27 IST" duration-ms="1124" status="PASS">
          <reporter-output>
          </reporter-output>
        </test-method> <!-- navigateToInventoryPage -->
        <test-method signature="enterCorrectPersonalDetails()[pri:6, instance:Inventory.CartTest@bccb269]" started-at="2025-02-09T02:46:27 IST" name="enterCorrectPersonalDetails" finished-at="2025-02-09T02:46:27 IST" duration-ms="461" status="PASS">
          <reporter-output>
          </reporter-output>
        </test-method> <!-- enterCorrectPersonalDetails -->
        <test-method is-config="true" signature="closePage()[pri:0, instance:Inventory.CartTest@bccb269]" started-at="2025-02-09T02:46:27 IST" name="closePage" finished-at="2025-02-09T02:46:28 IST" duration-ms="157" status="PASS">
          <reporter-output>
          </reporter-output>
        </test-method> <!-- closePage -->
        <test-method is-config="true" signature="setUp()[pri:0, instance:Inventory.CartTest@bccb269]" started-at="2025-02-09T02:46:28 IST" name="setUp" finished-at="2025-02-09T02:46:29 IST" duration-ms="1025" status="PASS">
          <reporter-output>
          </reporter-output>
        </test-method> <!-- setUp -->
        <test-method is-config="true" signature="tearDown()[pri:0, instance:Inventory.CartTest@bccb269]" started-at="2025-02-09T02:46:28 IST" name="tearDown" finished-at="2025-02-09T02:46:28 IST" duration-ms="0" status="PASS">
          <reporter-output>
          </reporter-output>
        </test-method> <!-- tearDown -->
        <test-method is-config="true" signature="navigateToInventoryPage()[pri:0, instance:Inventory.CartTest@bccb269]" started-at="2025-02-09T02:46:29 IST" name="navigateToInventoryPage" finished-at="2025-02-09T02:46:30 IST" duration-ms="1202" status="PASS">
          <reporter-output>
          </reporter-output>
        </test-method> <!-- navigateToInventoryPage -->
        <test-method signature="cancelButtonNavigateToCartPage()[pri:7, instance:Inventory.CartTest@bccb269]" started-at="2025-02-09T02:46:30 IST" name="cancelButtonNavigateToCartPage" finished-at="2025-02-09T02:46:30 IST" duration-ms="168" status="PASS">
          <reporter-output>
          </reporter-output>
        </test-method> <!-- cancelButtonNavigateToCartPage -->
        <test-method is-config="true" signature="closePage()[pri:0, instance:Inventory.CartTest@bccb269]" started-at="2025-02-09T02:46:30 IST" name="closePage" finished-at="2025-02-09T02:46:30 IST" duration-ms="177" status="PASS">
          <reporter-output>
          </reporter-output>
        </test-method> <!-- closePage -->
        <test-method is-config="true" signature="tearDown()[pri:0, instance:Inventory.CartTest@bccb269]" started-at="2025-02-09T02:46:30 IST" name="tearDown" finished-at="2025-02-09T02:46:30 IST" duration-ms="0" status="PASS">
          <reporter-output>
          </reporter-output>
        </test-method> <!-- tearDown -->
      </class> <!-- Inventory.CartTest -->
    </test> <!-- C:/qa/OOPConcepts/src/test/java/Inventory/CartTest.java -->
    <test started-at="2025-02-09T02:46:30 IST" name="C:/qa/OOPConcepts/src/test/java/Inventory/InventoryTest.java" finished-at="2025-02-09T02:46:50 IST" duration-ms="20067">
      <class name="Inventory.InventoryTest">
        <test-method is-config="true" signature="setUp()[pri:0, instance:Inventory.InventoryTest@1ebd319f]" started-at="2025-02-09T02:46:30 IST" name="setUp" finished-at="2025-02-09T02:46:31 IST" duration-ms="1202" status="PASS">
          <reporter-output>
          </reporter-output>
        </test-method> <!-- setUp -->
        <test-method is-config="true" signature="navigateToInventoryPage()[pri:0, instance:Inventory.InventoryTest@1ebd319f]" started-at="2025-02-09T02:46:31 IST" name="navigateToInventoryPage" finished-at="2025-02-09T02:46:32 IST" duration-ms="1009" status="PASS">
          <reporter-output>
          </reporter-output>
        </test-method> <!-- navigateToInventoryPage -->
        <test-method signature="numberOfInventoriesPerPage()[pri:1, instance:Inventory.InventoryTest@1ebd319f]" started-at="2025-02-09T02:46:32 IST" name="numberOfInventoriesPerPage" finished-at="2025-02-09T02:46:32 IST" duration-ms="64" status="PASS">
          <reporter-output>
          </reporter-output>
        </test-method> <!-- numberOfInventoriesPerPage -->
        <test-method is-config="true" signature="closePage()[pri:0, instance:Inventory.InventoryTest@1ebd319f]" started-at="2025-02-09T02:46:32 IST" name="closePage" finished-at="2025-02-09T02:46:33 IST" duration-ms="141" status="PASS">
          <reporter-output>
          </reporter-output>
        </test-method> <!-- closePage -->
        <test-method is-config="true" signature="tearDown()[pri:0, instance:Inventory.InventoryTest@1ebd319f]" started-at="2025-02-09T02:46:33 IST" name="tearDown" finished-at="2025-02-09T02:46:33 IST" duration-ms="2" status="PASS">
          <reporter-output>
          </reporter-output>
        </test-method> <!-- tearDown -->
        <test-method is-config="true" signature="setUp()[pri:0, instance:Inventory.InventoryTest@1ebd319f]" started-at="2025-02-09T02:46:33 IST" name="setUp" finished-at="2025-02-09T02:46:34 IST" duration-ms="1046" status="PASS">
          <reporter-output>
          </reporter-output>
        </test-method> <!-- setUp -->
        <test-method is-config="true" signature="navigateToInventoryPage()[pri:0, instance:Inventory.InventoryTest@1ebd319f]" started-at="2025-02-09T02:46:34 IST" name="navigateToInventoryPage" finished-at="2025-02-09T02:46:35 IST" duration-ms="1181" status="PASS">
          <reporter-output>
          </reporter-output>
        </test-method> <!-- navigateToInventoryPage -->
        <test-method signature="isVisibleAllItemImages()[pri:2, instance:Inventory.InventoryTest@1ebd319f]" started-at="2025-02-09T02:46:35 IST" name="isVisibleAllItemImages" finished-at="2025-02-09T02:46:35 IST" duration-ms="215" status="PASS">
          <reporter-output>
          </reporter-output>
        </test-method> <!-- isVisibleAllItemImages -->
        <test-method is-config="true" signature="closePage()[pri:0, instance:Inventory.InventoryTest@1ebd319f]" started-at="2025-02-09T02:46:35 IST" name="closePage" finished-at="2025-02-09T02:46:35 IST" duration-ms="131" status="PASS">
          <reporter-output>
          </reporter-output>
        </test-method> <!-- closePage -->
        <test-method is-config="true" signature="tearDown()[pri:0, instance:Inventory.InventoryTest@1ebd319f]" started-at="2025-02-09T02:46:35 IST" name="tearDown" finished-at="2025-02-09T02:46:35 IST" duration-ms="0" status="PASS">
          <reporter-output>
          </reporter-output>
        </test-method> <!-- tearDown -->
        <test-method is-config="true" signature="setUp()[pri:0, instance:Inventory.InventoryTest@1ebd319f]" started-at="2025-02-09T02:46:35 IST" name="setUp" finished-at="2025-02-09T02:46:36 IST" duration-ms="1069" status="PASS">
          <reporter-output>
          </reporter-output>
        </test-method> <!-- setUp -->
        <test-method is-config="true" signature="navigateToInventoryPage()[pri:0, instance:Inventory.InventoryTest@1ebd319f]" started-at="2025-02-09T02:46:36 IST" name="navigateToInventoryPage" finished-at="2025-02-09T02:46:37 IST" duration-ms="1127" status="PASS">
          <reporter-output>
          </reporter-output>
        </test-method> <!-- navigateToInventoryPage -->
        <test-method signature="isVisibleAllItemDetails()[pri:3, instance:Inventory.InventoryTest@1ebd319f]" started-at="2025-02-09T02:46:37 IST" name="isVisibleAllItemDetails" finished-at="2025-02-09T02:46:38 IST" duration-ms="227" status="PASS">
          <reporter-output>
          </reporter-output>
        </test-method> <!-- isVisibleAllItemDetails -->
        <test-method is-config="true" signature="closePage()[pri:0, instance:Inventory.InventoryTest@1ebd319f]" started-at="2025-02-09T02:46:38 IST" name="closePage" finished-at="2025-02-09T02:46:38 IST" duration-ms="171" status="PASS">
          <reporter-output>
          </reporter-output>
        </test-method> <!-- closePage -->
        <test-method is-config="true" signature="tearDown()[pri:0, instance:Inventory.InventoryTest@1ebd319f]" started-at="2025-02-09T02:46:38 IST" name="tearDown" finished-at="2025-02-09T02:46:38 IST" duration-ms="0" status="PASS">
          <reporter-output>
          </reporter-output>
        </test-method> <!-- tearDown -->
        <test-method is-config="true" signature="setUp()[pri:0, instance:Inventory.InventoryTest@1ebd319f]" started-at="2025-02-09T02:46:38 IST" name="setUp" finished-at="2025-02-09T02:46:39 IST" duration-ms="1078" status="PASS">
          <reporter-output>
          </reporter-output>
        </test-method> <!-- setUp -->
        <test-method is-config="true" signature="navigateToInventoryPage()[pri:0, instance:Inventory.InventoryTest@1ebd319f]" started-at="2025-02-09T02:46:39 IST" name="navigateToInventoryPage" finished-at="2025-02-09T02:46:40 IST" duration-ms="1080" status="PASS">
          <reporter-output>
          </reporter-output>
        </test-method> <!-- navigateToInventoryPage -->
        <test-method signature="isImageClickNavigateToDetailPage()[pri:4, instance:Inventory.InventoryTest@1ebd319f]" started-at="2025-02-09T02:46:40 IST" name="isImageClickNavigateToDetailPage" finished-at="2025-02-09T02:46:40 IST" duration-ms="116" status="PASS">
          <reporter-output>
          </reporter-output>
        </test-method> <!-- isImageClickNavigateToDetailPage -->
        <test-method is-config="true" signature="closePage()[pri:0, instance:Inventory.InventoryTest@1ebd319f]" started-at="2025-02-09T02:46:40 IST" name="closePage" finished-at="2025-02-09T02:46:40 IST" duration-ms="124" status="PASS">
          <reporter-output>
          </reporter-output>
        </test-method> <!-- closePage -->
        <test-method is-config="true" signature="tearDown()[pri:0, instance:Inventory.InventoryTest@1ebd319f]" started-at="2025-02-09T02:46:40 IST" name="tearDown" finished-at="2025-02-09T02:46:40 IST" duration-ms="0" status="PASS">
          <reporter-output>
          </reporter-output>
        </test-method> <!-- tearDown -->
        <test-method is-config="true" signature="setUp()[pri:0, instance:Inventory.InventoryTest@1ebd319f]" started-at="2025-02-09T02:46:40 IST" name="setUp" finished-at="2025-02-09T02:46:41 IST" duration-ms="1042" status="PASS">
          <reporter-output>
          </reporter-output>
        </test-method> <!-- setUp -->
        <test-method is-config="true" signature="navigateToInventoryPage()[pri:0, instance:Inventory.InventoryTest@1ebd319f]" started-at="2025-02-09T02:46:41 IST" name="navigateToInventoryPage" finished-at="2025-02-09T02:46:42 IST" duration-ms="1076" status="PASS">
          <reporter-output>
          </reporter-output>
        </test-method> <!-- navigateToInventoryPage -->
        <test-method signature="isTitleClickNavigateToDetailPage()[pri:5, instance:Inventory.InventoryTest@1ebd319f]" started-at="2025-02-09T02:46:42 IST" name="isTitleClickNavigateToDetailPage" finished-at="2025-02-09T02:46:42 IST" duration-ms="113" status="PASS">
          <reporter-output>
          </reporter-output>
        </test-method> <!-- isTitleClickNavigateToDetailPage -->
        <test-method is-config="true" signature="closePage()[pri:0, instance:Inventory.InventoryTest@1ebd319f]" started-at="2025-02-09T02:46:42 IST" name="closePage" finished-at="2025-02-09T02:46:43 IST" duration-ms="133" status="PASS">
          <reporter-output>
          </reporter-output>
        </test-method> <!-- closePage -->
        <test-method is-config="true" signature="setUp()[pri:0, instance:Inventory.InventoryTest@1ebd319f]" started-at="2025-02-09T02:46:43 IST" name="setUp" finished-at="2025-02-09T02:46:44 IST" duration-ms="1014" status="PASS">
          <reporter-output>
          </reporter-output>
        </test-method> <!-- setUp -->
        <test-method is-config="true" signature="tearDown()[pri:0, instance:Inventory.InventoryTest@1ebd319f]" started-at="2025-02-09T02:46:43 IST" name="tearDown" finished-at="2025-02-09T02:46:43 IST" duration-ms="0" status="PASS">
          <reporter-output>
          </reporter-output>
        </test-method> <!-- tearDown -->
        <test-method is-config="true" signature="navigateToInventoryPage()[pri:0, instance:Inventory.InventoryTest@1ebd319f]" started-at="2025-02-09T02:46:44 IST" name="navigateToInventoryPage" finished-at="2025-02-09T02:46:45 IST" duration-ms="1307" status="PASS">
          <reporter-output>
          </reporter-output>
        </test-method> <!-- navigateToInventoryPage -->
        <test-method signature="isButtonNameChangeAfterAddToCart()[pri:6, instance:Inventory.InventoryTest@1ebd319f]" started-at="2025-02-09T02:46:45 IST" name="isButtonNameChangeAfterAddToCart" finished-at="2025-02-09T02:46:45 IST" duration-ms="155" status="PASS">
          <reporter-output>
          </reporter-output>
        </test-method> <!-- isButtonNameChangeAfterAddToCart -->
        <test-method is-config="true" signature="closePage()[pri:0, instance:Inventory.InventoryTest@1ebd319f]" started-at="2025-02-09T02:46:45 IST" name="closePage" finished-at="2025-02-09T02:46:45 IST" duration-ms="133" status="PASS">
          <reporter-output>
          </reporter-output>
        </test-method> <!-- closePage -->
        <test-method is-config="true" signature="setUp()[pri:0, instance:Inventory.InventoryTest@1ebd319f]" started-at="2025-02-09T02:46:45 IST" name="setUp" finished-at="2025-02-09T02:46:46 IST" duration-ms="1043" status="PASS">
          <reporter-output>
          </reporter-output>
        </test-method> <!-- setUp -->
        <test-method is-config="true" signature="tearDown()[pri:0, instance:Inventory.InventoryTest@1ebd319f]" started-at="2025-02-09T02:46:45 IST" name="tearDown" finished-at="2025-02-09T02:46:45 IST" duration-ms="0" status="PASS">
          <reporter-output>
          </reporter-output>
        </test-method> <!-- tearDown -->
        <test-method is-config="true" signature="navigateToInventoryPage()[pri:0, instance:Inventory.InventoryTest@1ebd319f]" started-at="2025-02-09T02:46:46 IST" name="navigateToInventoryPage" finished-at="2025-02-09T02:46:47 IST" duration-ms="1173" status="PASS">
          <reporter-output>
          </reporter-output>
        </test-method> <!-- navigateToInventoryPage -->
        <test-method signature="isCartNavigateToCartPage()[pri:7, instance:Inventory.InventoryTest@1ebd319f]" started-at="2025-02-09T02:46:47 IST" name="isCartNavigateToCartPage" finished-at="2025-02-09T02:46:48 IST" duration-ms="185" status="PASS">
          <reporter-output>
          </reporter-output>
        </test-method> <!-- isCartNavigateToCartPage -->
        <test-method is-config="true" signature="closePage()[pri:0, instance:Inventory.InventoryTest@1ebd319f]" started-at="2025-02-09T02:46:48 IST" name="closePage" finished-at="2025-02-09T02:46:48 IST" duration-ms="171" status="PASS">
          <reporter-output>
          </reporter-output>
        </test-method> <!-- closePage -->
        <test-method is-config="true" signature="tearDown()[pri:0, instance:Inventory.InventoryTest@1ebd319f]" started-at="2025-02-09T02:46:48 IST" name="tearDown" finished-at="2025-02-09T02:46:48 IST" duration-ms="0" status="PASS">
          <reporter-output>
          </reporter-output>
        </test-method> <!-- tearDown -->
        <test-method is-config="true" signature="setUp()[pri:0, instance:Inventory.InventoryTest@1ebd319f]" started-at="2025-02-09T02:46:48 IST" name="setUp" finished-at="2025-02-09T02:46:49 IST" duration-ms="1101" status="PASS">
          <reporter-output>
          </reporter-output>
        </test-method> <!-- setUp -->
        <test-method is-config="true" signature="navigateToInventoryPage()[pri:0, instance:Inventory.InventoryTest@1ebd319f]" started-at="2025-02-09T02:46:49 IST" name="navigateToInventoryPage" finished-at="2025-02-09T02:46:50 IST" duration-ms="1057" status="PASS">
          <reporter-output>
          </reporter-output>
        </test-method> <!-- navigateToInventoryPage -->
        <test-method signature="isCorrectInventoryInCart()[pri:8, instance:Inventory.InventoryTest@1ebd319f]" started-at="2025-02-09T02:46:50 IST" name="isCorrectInventoryInCart" finished-at="2025-02-09T02:46:50 IST" duration-ms="217" status="PASS">
          <reporter-output>
          </reporter-output>
        </test-method> <!-- isCorrectInventoryInCart -->
        <test-method is-config="true" signature="closePage()[pri:0, instance:Inventory.InventoryTest@1ebd319f]" started-at="2025-02-09T02:46:50 IST" name="closePage" finished-at="2025-02-09T02:46:50 IST" duration-ms="156" status="PASS">
          <reporter-output>
          </reporter-output>
        </test-method> <!-- closePage -->
        <test-method is-config="true" signature="tearDown()[pri:0, instance:Inventory.InventoryTest@1ebd319f]" started-at="2025-02-09T02:46:50 IST" name="tearDown" finished-at="2025-02-09T02:46:50 IST" duration-ms="0" status="PASS">
          <reporter-output>
          </reporter-output>
        </test-method> <!-- tearDown -->
      </class> <!-- Inventory.InventoryTest -->
    </test> <!-- C:/qa/OOPConcepts/src/test/java/Inventory/InventoryTest.java -->
    <test started-at="2025-02-09T02:46:50 IST" name="C:/qa/OOPConcepts/src/test/java/login/LoginTest.java" finished-at="2025-02-09T02:46:55 IST" duration-ms="4744">
      <class name="login.LoginTest">
        <test-method is-config="true" signature="setUp()[pri:0, instance:login.LoginTest@dd0c991]" started-at="2025-02-09T02:46:50 IST" name="setUp" finished-at="2025-02-09T02:46:51 IST" duration-ms="1088" status="PASS">
          <reporter-output>
          </reporter-output>
        </test-method> <!-- setUp -->
        <test-method is-config="true" signature="navigateLoginPage()[pri:0, instance:login.LoginTest@dd0c991]" started-at="2025-02-09T02:46:51 IST" name="navigateLoginPage" finished-at="2025-02-09T02:46:52 IST" duration-ms="572" status="PASS">
          <reporter-output>
          </reporter-output>
        </test-method> <!-- navigateLoginPage -->
        <test-method signature="loginSuccess()[pri:1, instance:login.LoginTest@dd0c991]" started-at="2025-02-09T02:46:52 IST" name="loginSuccess" finished-at="2025-02-09T02:46:52 IST" duration-ms="376" status="PASS">
          <reporter-output>
          </reporter-output>
        </test-method> <!-- loginSuccess -->
        <test-method is-config="true" signature="closePage()[pri:0, instance:login.LoginTest@dd0c991]" started-at="2025-02-09T02:46:52 IST" name="closePage" finished-at="2025-02-09T02:46:52 IST" duration-ms="146" status="PASS">
          <reporter-output>
          </reporter-output>
        </test-method> <!-- closePage -->
        <test-method is-config="true" signature="setUp()[pri:0, instance:login.LoginTest@dd0c991]" started-at="2025-02-09T02:46:52 IST" name="setUp" finished-at="2025-02-09T02:46:54 IST" duration-ms="1052" status="PASS">
          <reporter-output>
          </reporter-output>
        </test-method> <!-- setUp -->
        <test-method is-config="true" signature="tearDown()[pri:0, instance:login.LoginTest@dd0c991]" started-at="2025-02-09T02:46:52 IST" name="tearDown" finished-at="2025-02-09T02:46:52 IST" duration-ms="0" status="PASS">
          <reporter-output>
          </reporter-output>
        </test-method> <!-- tearDown -->
        <test-method is-config="true" signature="navigateLoginPage()[pri:0, instance:login.LoginTest@dd0c991]" started-at="2025-02-09T02:46:54 IST" name="navigateLoginPage" finished-at="2025-02-09T02:46:54 IST" duration-ms="838" status="PASS">
          <reporter-output>
          </reporter-output>
        </test-method> <!-- navigateLoginPage -->
        <test-method signature="incorrectLogin()[pri:2, instance:login.LoginTest@dd0c991]" started-at="2025-02-09T02:46:54 IST" name="incorrectLogin" finished-at="2025-02-09T02:46:55 IST" duration-ms="492" status="PASS">
          <reporter-output>
          </reporter-output>
        </test-method> <!-- incorrectLogin -->
        <test-method is-config="true" signature="closePage()[pri:0, instance:login.LoginTest@dd0c991]" started-at="2025-02-09T02:46:55 IST" name="closePage" finished-at="2025-02-09T02:46:55 IST" duration-ms="177" status="PASS">
          <reporter-output>
          </reporter-output>
        </test-method> <!-- closePage -->
        <test-method is-config="true" signature="tearDown()[pri:0, instance:login.LoginTest@dd0c991]" started-at="2025-02-09T02:46:55 IST" name="tearDown" finished-at="2025-02-09T02:46:55 IST" duration-ms="0" status="PASS">
          <reporter-output>
          </reporter-output>
        </test-method> <!-- tearDown -->
      </class> <!-- login.LoginTest -->
    </test> <!-- C:/qa/OOPConcepts/src/test/java/login/LoginTest.java -->
  </suite> <!-- All Test Suite -->
</testng-results>
